[2022-10-29 12:15:57] local.INFO: array (
  0 => 
  array (
    'id' => 1,
    'name' => 'Total Trainning',
    'places' => 6,
    'created_at' => '2022-10-27 17:41:23',
    'updated_at' => '2022-10-27 17:41:23',
  ),
  1 => 
  array (
    'id' => 2,
    'name' => 'Salsa',
    'places' => 4,
    'created_at' => '2022-10-27 17:41:23',
    'updated_at' => '2022-10-27 17:41:23',
  ),
)  
[2022-10-29 12:16:22] local.INFO: array (
  0 => 
  array (
    'id' => 1,
    'name' => 'Total Trainning',
    'places' => 6,
    'created_at' => '2022-10-27 17:41:23',
    'updated_at' => '2022-10-27 17:41:23',
  ),
  1 => 
  array (
    'id' => 2,
    'name' => 'Salsa',
    'places' => 4,
    'created_at' => '2022-10-27 17:41:23',
    'updated_at' => '2022-10-27 17:41:23',
  ),
)  
[2022-10-29 12:17:05] local.INFO: array (
  0 => 
  array (
    'id' => 1,
    'name' => 'Total Trainning',
    'places' => 6,
    'created_at' => '2022-10-27 17:41:23',
    'updated_at' => '2022-10-27 17:41:23',
  ),
  1 => 
  array (
    'id' => 2,
    'name' => 'Salsa',
    'places' => 4,
    'created_at' => '2022-10-27 17:41:23',
    'updated_at' => '2022-10-27 17:41:23',
  ),
)  
[2022-10-29 12:17:11] local.INFO: array (
  0 => 
  array (
    'id' => 1,
    'name' => 'Total Trainning',
    'places' => 6,
    'created_at' => '2022-10-27 17:41:23',
    'updated_at' => '2022-10-27 17:41:23',
  ),
  1 => 
  array (
    'id' => 2,
    'name' => 'Salsa',
    'places' => 4,
    'created_at' => '2022-10-27 17:41:23',
    'updated_at' => '2022-10-27 17:41:23',
  ),
)  
[2022-10-29 12:17:28] local.INFO: array (
  0 => 
  array (
    'id' => 1,
    'name' => 'Total Trainning',
    'places' => 6,
    'created_at' => '2022-10-27 17:41:23',
    'updated_at' => '2022-10-27 17:41:23',
  ),
  1 => 
  array (
    'id' => 2,
    'name' => 'Salsa',
    'places' => 4,
    'created_at' => '2022-10-27 17:41:23',
    'updated_at' => '2022-10-27 17:41:23',
  ),
)  
[2022-10-29 12:18:00] local.INFO: array (
  0 => 
  array (
    'id' => 1,
    'name' => 'Total Trainning',
    'places' => 6,
    'created_at' => '2022-10-27 17:41:23',
    'updated_at' => '2022-10-27 17:41:23',
  ),
  1 => 
  array (
    'id' => 2,
    'name' => 'Salsa',
    'places' => 4,
    'created_at' => '2022-10-27 17:41:23',
    'updated_at' => '2022-10-27 17:41:23',
  ),
)  
[2022-10-29 12:18:18] local.INFO: array (
  0 => 
  array (
    'id' => 1,
    'name' => 'Total Trainning',
    'places' => 6,
    'created_at' => '2022-10-27 17:41:23',
    'updated_at' => '2022-10-27 17:41:23',
  ),
  1 => 
  array (
    'id' => 2,
    'name' => 'Salsa',
    'places' => 4,
    'created_at' => '2022-10-27 17:41:23',
    'updated_at' => '2022-10-27 17:41:23',
  ),
)  
[2022-10-29 12:18:30] local.INFO: array (
  0 => 
  array (
    'id' => 1,
    'name' => 'Total Trainning',
    'places' => 6,
    'created_at' => '2022-10-27 17:41:23',
    'updated_at' => '2022-10-27 17:41:23',
  ),
  1 => 
  array (
    'id' => 2,
    'name' => 'Salsa',
    'places' => 4,
    'created_at' => '2022-10-27 17:41:23',
    'updated_at' => '2022-10-27 17:41:23',
  ),
)  
[2022-10-29 12:19:54] local.INFO: array (
  0 => 
  array (
    'id' => 1,
    'name' => 'Total Trainning',
    'places' => 6,
    'created_at' => '2022-10-27 17:41:23',
    'updated_at' => '2022-10-27 17:41:23',
  ),
  1 => 
  array (
    'id' => 2,
    'name' => 'Salsa',
    'places' => 4,
    'created_at' => '2022-10-27 17:41:23',
    'updated_at' => '2022-10-27 17:41:23',
  ),
)  
[2022-10-29 12:19:58] local.INFO: array (
  0 => 
  array (
    'id' => 1,
    'name' => 'Total Trainning',
    'places' => 6,
    'created_at' => '2022-10-27 17:41:23',
    'updated_at' => '2022-10-27 17:41:23',
  ),
  1 => 
  array (
    'id' => 2,
    'name' => 'Salsa',
    'places' => 4,
    'created_at' => '2022-10-27 17:41:23',
    'updated_at' => '2022-10-27 17:41:23',
  ),
)  
[2022-10-29 12:20:11] local.INFO: array (
  0 => 
  array (
    'id' => 1,
    'name' => 'Total Trainning',
    'places' => 6,
    'created_at' => '2022-10-27 17:41:23',
    'updated_at' => '2022-10-27 17:41:23',
  ),
  1 => 
  array (
    'id' => 2,
    'name' => 'Salsa',
    'places' => 4,
    'created_at' => '2022-10-27 17:41:23',
    'updated_at' => '2022-10-27 17:41:23',
  ),
)  
[2022-10-29 12:21:01] local.INFO: array (
  0 => 
  array (
    'id' => 1,
    'name' => 'Total Trainning',
    'places' => 6,
    'created_at' => '2022-10-27 17:41:23',
    'updated_at' => '2022-10-27 17:41:23',
  ),
  1 => 
  array (
    'id' => 2,
    'name' => 'Salsa',
    'places' => 4,
    'created_at' => '2022-10-27 17:41:23',
    'updated_at' => '2022-10-27 17:41:23',
  ),
)  
[2022-10-29 12:21:19] local.INFO: array (
  0 => 
  array (
    'id' => 1,
    'name' => 'Total Trainning',
    'places' => 6,
    'created_at' => '2022-10-27 17:41:23',
    'updated_at' => '2022-10-27 17:41:23',
  ),
  1 => 
  array (
    'id' => 2,
    'name' => 'Salsa',
    'places' => 4,
    'created_at' => '2022-10-27 17:41:23',
    'updated_at' => '2022-10-27 17:41:23',
  ),
)  
[2022-10-29 12:21:25] local.INFO: array (
  0 => 
  array (
    'id' => 1,
    'name' => 'Total Trainning',
    'places' => 6,
    'created_at' => '2022-10-27 17:41:23',
    'updated_at' => '2022-10-27 17:41:23',
  ),
  1 => 
  array (
    'id' => 2,
    'name' => 'Salsa',
    'places' => 4,
    'created_at' => '2022-10-27 17:41:23',
    'updated_at' => '2022-10-27 17:41:23',
  ),
)  
[2022-10-29 12:21:43] local.INFO: array (
  0 => 
  array (
    'id' => 1,
    'name' => 'Total Trainning',
    'places' => 6,
    'created_at' => '2022-10-27 17:41:23',
    'updated_at' => '2022-10-27 17:41:23',
  ),
  1 => 
  array (
    'id' => 2,
    'name' => 'Salsa',
    'places' => 4,
    'created_at' => '2022-10-27 17:41:23',
    'updated_at' => '2022-10-27 17:41:23',
  ),
)  
[2022-10-29 12:21:47] local.INFO: array (
  0 => 
  array (
    'id' => 1,
    'name' => 'Total Trainning',
    'places' => 6,
    'created_at' => '2022-10-27 17:41:23',
    'updated_at' => '2022-10-27 17:41:23',
  ),
  1 => 
  array (
    'id' => 2,
    'name' => 'Salsa',
    'places' => 4,
    'created_at' => '2022-10-27 17:41:23',
    'updated_at' => '2022-10-27 17:41:23',
  ),
)  
[2022-10-29 12:23:02] local.INFO: array (
  0 => 
  array (
    'id' => 1,
    'name' => 'Total Trainning',
    'places' => 6,
    'created_at' => '2022-10-27 17:41:23',
    'updated_at' => '2022-10-27 17:41:23',
  ),
  1 => 
  array (
    'id' => 2,
    'name' => 'Salsa',
    'places' => 4,
    'created_at' => '2022-10-27 17:41:23',
    'updated_at' => '2022-10-27 17:41:23',
  ),
)  
[2022-10-29 12:23:37] local.INFO: array (
  0 => 
  array (
    'id' => 1,
    'name' => 'Total Trainning',
    'places' => 6,
    'created_at' => '2022-10-27 17:41:23',
    'updated_at' => '2022-10-27 17:41:23',
  ),
  1 => 
  array (
    'id' => 2,
    'name' => 'Salsa',
    'places' => 4,
    'created_at' => '2022-10-27 17:41:23',
    'updated_at' => '2022-10-27 17:41:23',
  ),
)  
[2022-10-29 12:24:35] local.INFO: array (
  0 => 
  array (
    'id' => 1,
    'name' => 'Total Trainning',
    'places' => 6,
    'created_at' => '2022-10-27 17:41:23',
    'updated_at' => '2022-10-27 17:41:23',
  ),
  1 => 
  array (
    'id' => 2,
    'name' => 'Salsa',
    'places' => 4,
    'created_at' => '2022-10-27 17:41:23',
    'updated_at' => '2022-10-27 17:41:23',
  ),
)  
[2022-10-29 12:24:52] local.INFO: array (
  0 => 
  array (
    'id' => 1,
    'name' => 'Total Trainning',
    'places' => 6,
    'created_at' => '2022-10-27 17:41:23',
    'updated_at' => '2022-10-27 17:41:23',
  ),
  1 => 
  array (
    'id' => 2,
    'name' => 'Salsa',
    'places' => 4,
    'created_at' => '2022-10-27 17:41:23',
    'updated_at' => '2022-10-27 17:41:23',
  ),
)  
[2022-10-29 12:24:57] local.INFO: array (
  0 => 
  array (
    'id' => 1,
    'name' => 'Total Trainning',
    'places' => 6,
    'created_at' => '2022-10-27 17:41:23',
    'updated_at' => '2022-10-27 17:41:23',
  ),
  1 => 
  array (
    'id' => 2,
    'name' => 'Salsa',
    'places' => 4,
    'created_at' => '2022-10-27 17:41:23',
    'updated_at' => '2022-10-27 17:41:23',
  ),
)  
[2022-10-29 12:25:10] local.INFO: array (
  0 => 
  array (
    'id' => 1,
    'name' => 'Total Trainning',
    'places' => 6,
    'created_at' => '2022-10-27 17:41:23',
    'updated_at' => '2022-10-27 17:41:23',
  ),
  1 => 
  array (
    'id' => 2,
    'name' => 'Salsa',
    'places' => 4,
    'created_at' => '2022-10-27 17:41:23',
    'updated_at' => '2022-10-27 17:41:23',
  ),
)  
[2022-10-29 12:25:20] local.INFO: array (
  0 => 
  array (
    'id' => 1,
    'name' => 'Total Trainning',
    'places' => 6,
    'created_at' => '2022-10-27 17:41:23',
    'updated_at' => '2022-10-27 17:41:23',
  ),
  1 => 
  array (
    'id' => 2,
    'name' => 'Salsa',
    'places' => 4,
    'created_at' => '2022-10-27 17:41:23',
    'updated_at' => '2022-10-27 17:41:23',
  ),
)  
[2022-10-29 12:25:30] local.INFO: array (
  0 => 
  array (
    'id' => 1,
    'name' => 'Total Trainning',
    'places' => 6,
    'created_at' => '2022-10-27 17:41:23',
    'updated_at' => '2022-10-27 17:41:23',
  ),
  1 => 
  array (
    'id' => 2,
    'name' => 'Salsa',
    'places' => 4,
    'created_at' => '2022-10-27 17:41:23',
    'updated_at' => '2022-10-27 17:41:23',
  ),
)  
[2022-10-29 12:25:49] local.INFO: array (
  0 => 
  array (
    'id' => 1,
    'name' => 'Total Trainning',
    'places' => 6,
    'created_at' => '2022-10-27 17:41:23',
    'updated_at' => '2022-10-27 17:41:23',
  ),
  1 => 
  array (
    'id' => 2,
    'name' => 'Salsa',
    'places' => 4,
    'created_at' => '2022-10-27 17:41:23',
    'updated_at' => '2022-10-27 17:41:23',
  ),
)  
[2022-10-29 12:25:56] local.INFO: array (
  0 => 
  array (
    'id' => 1,
    'name' => 'Total Trainning',
    'places' => 6,
    'created_at' => '2022-10-27 17:41:23',
    'updated_at' => '2022-10-27 17:41:23',
  ),
  1 => 
  array (
    'id' => 2,
    'name' => 'Salsa',
    'places' => 4,
    'created_at' => '2022-10-27 17:41:23',
    'updated_at' => '2022-10-27 17:41:23',
  ),
)  
[2022-10-29 12:26:03] local.INFO: array (
  0 => 
  array (
    'id' => 1,
    'name' => 'Total Trainning',
    'places' => 6,
    'created_at' => '2022-10-27 17:41:23',
    'updated_at' => '2022-10-27 17:41:23',
  ),
  1 => 
  array (
    'id' => 2,
    'name' => 'Salsa',
    'places' => 4,
    'created_at' => '2022-10-27 17:41:23',
    'updated_at' => '2022-10-27 17:41:23',
  ),
)  
[2022-10-29 12:26:38] local.INFO: array (
  0 => 
  array (
    'id' => 1,
    'name' => 'Total Trainning',
    'places' => 6,
    'created_at' => '2022-10-27 17:41:23',
    'updated_at' => '2022-10-27 17:41:23',
  ),
  1 => 
  array (
    'id' => 2,
    'name' => 'Salsa',
    'places' => 4,
    'created_at' => '2022-10-27 17:41:23',
    'updated_at' => '2022-10-27 17:41:23',
  ),
)  
[2022-10-29 12:27:18] local.INFO: array (
  0 => 
  array (
    'id' => 1,
    'name' => 'Total Trainning',
    'places' => 6,
    'created_at' => '2022-10-27 17:41:23',
    'updated_at' => '2022-10-27 17:41:23',
  ),
  1 => 
  array (
    'id' => 2,
    'name' => 'Salsa',
    'places' => 4,
    'created_at' => '2022-10-27 17:41:23',
    'updated_at' => '2022-10-27 17:41:23',
  ),
)  
[2022-10-29 12:27:22] local.INFO: array (
  0 => 
  array (
    'id' => 1,
    'name' => 'Total Trainning',
    'places' => 6,
    'created_at' => '2022-10-27 17:41:23',
    'updated_at' => '2022-10-27 17:41:23',
  ),
  1 => 
  array (
    'id' => 2,
    'name' => 'Salsa',
    'places' => 4,
    'created_at' => '2022-10-27 17:41:23',
    'updated_at' => '2022-10-27 17:41:23',
  ),
)  
[2022-10-29 12:27:25] local.INFO: array (
  0 => 
  array (
    'id' => 1,
    'name' => 'Total Trainning',
    'places' => 6,
    'created_at' => '2022-10-27 17:41:23',
    'updated_at' => '2022-10-27 17:41:23',
  ),
  1 => 
  array (
    'id' => 2,
    'name' => 'Salsa',
    'places' => 4,
    'created_at' => '2022-10-27 17:41:23',
    'updated_at' => '2022-10-27 17:41:23',
  ),
)  
[2022-10-29 12:27:36] local.INFO: array (
  0 => 
  array (
    'id' => 1,
    'name' => 'Total Trainning',
    'places' => 6,
    'created_at' => '2022-10-27 17:41:23',
    'updated_at' => '2022-10-27 17:41:23',
  ),
  1 => 
  array (
    'id' => 2,
    'name' => 'Salsa',
    'places' => 4,
    'created_at' => '2022-10-27 17:41:23',
    'updated_at' => '2022-10-27 17:41:23',
  ),
)  
[2022-10-29 12:28:07] local.INFO: array (
  0 => 
  array (
    'id' => 1,
    'name' => 'Total Trainning',
    'places' => 6,
    'created_at' => '2022-10-27 17:41:23',
    'updated_at' => '2022-10-27 17:41:23',
  ),
  1 => 
  array (
    'id' => 2,
    'name' => 'Salsa',
    'places' => 4,
    'created_at' => '2022-10-27 17:41:23',
    'updated_at' => '2022-10-27 17:41:23',
  ),
)  
[2022-10-29 12:28:44] local.INFO: array (
  0 => 
  array (
    'id' => 1,
    'name' => 'Total Trainning',
    'places' => 6,
    'created_at' => '2022-10-27 17:41:23',
    'updated_at' => '2022-10-27 17:41:23',
  ),
  1 => 
  array (
    'id' => 2,
    'name' => 'Salsa',
    'places' => 4,
    'created_at' => '2022-10-27 17:41:23',
    'updated_at' => '2022-10-27 17:41:23',
  ),
)  
[2022-10-29 12:29:00] local.INFO: array (
  0 => 
  array (
    'id' => 1,
    'name' => 'Total Trainning',
    'places' => 6,
    'created_at' => '2022-10-27 17:41:23',
    'updated_at' => '2022-10-27 17:41:23',
  ),
  1 => 
  array (
    'id' => 2,
    'name' => 'Salsa',
    'places' => 4,
    'created_at' => '2022-10-27 17:41:23',
    'updated_at' => '2022-10-27 17:41:23',
  ),
)  
[2022-10-29 12:30:44] local.INFO: array (
  0 => 
  array (
    'id' => 1,
    'name' => 'Total Trainning',
    'places' => 6,
    'created_at' => '2022-10-27 17:41:23',
    'updated_at' => '2022-10-27 17:41:23',
  ),
  1 => 
  array (
    'id' => 2,
    'name' => 'Salsa',
    'places' => 4,
    'created_at' => '2022-10-27 17:41:23',
    'updated_at' => '2022-10-27 17:41:23',
  ),
)  
[2022-10-29 12:31:06] local.INFO: array (
  0 => 
  array (
    'id' => 1,
    'name' => 'Total Trainning',
    'places' => 6,
    'created_at' => '2022-10-27 17:41:23',
    'updated_at' => '2022-10-27 17:41:23',
  ),
  1 => 
  array (
    'id' => 2,
    'name' => 'Salsa',
    'places' => 4,
    'created_at' => '2022-10-27 17:41:23',
    'updated_at' => '2022-10-27 17:41:23',
  ),
)  
[2022-10-29 12:31:24] local.INFO: array (
  0 => 
  array (
    'id' => 1,
    'name' => 'Total Trainning',
    'places' => 6,
    'created_at' => '2022-10-27 17:41:23',
    'updated_at' => '2022-10-27 17:41:23',
  ),
  1 => 
  array (
    'id' => 2,
    'name' => 'Salsa',
    'places' => 4,
    'created_at' => '2022-10-27 17:41:23',
    'updated_at' => '2022-10-27 17:41:23',
  ),
)  
[2022-10-29 12:31:33] local.INFO: array (
  0 => 
  array (
    'id' => 1,
    'name' => 'Total Trainning',
    'places' => 6,
    'created_at' => '2022-10-27 17:41:23',
    'updated_at' => '2022-10-27 17:41:23',
  ),
  1 => 
  array (
    'id' => 2,
    'name' => 'Salsa',
    'places' => 4,
    'created_at' => '2022-10-27 17:41:23',
    'updated_at' => '2022-10-27 17:41:23',
  ),
)  
[2022-10-29 12:32:20] local.INFO: array (
  0 => 
  array (
    'id' => 1,
    'name' => 'Total Trainning',
    'places' => 6,
    'created_at' => '2022-10-27 17:41:23',
    'updated_at' => '2022-10-27 17:41:23',
  ),
  1 => 
  array (
    'id' => 2,
    'name' => 'Salsa',
    'places' => 4,
    'created_at' => '2022-10-27 17:41:23',
    'updated_at' => '2022-10-27 17:41:23',
  ),
)  
[2022-10-29 12:32:31] local.INFO: array (
  0 => 
  array (
    'id' => 1,
    'name' => 'Total Trainning',
    'places' => 6,
    'created_at' => '2022-10-27 17:41:23',
    'updated_at' => '2022-10-27 17:41:23',
  ),
  1 => 
  array (
    'id' => 2,
    'name' => 'Salsa',
    'places' => 4,
    'created_at' => '2022-10-27 17:41:23',
    'updated_at' => '2022-10-27 17:41:23',
  ),
)  
[2022-10-29 12:34:09] local.INFO: array (
  0 => 
  array (
    'id' => 1,
    'name' => 'Total Trainning',
    'places' => 6,
    'created_at' => '2022-10-27 17:41:23',
    'updated_at' => '2022-10-27 17:41:23',
  ),
  1 => 
  array (
    'id' => 2,
    'name' => 'Salsa',
    'places' => 4,
    'created_at' => '2022-10-27 17:41:23',
    'updated_at' => '2022-10-27 17:41:23',
  ),
)  
[2022-10-29 12:34:20] local.INFO: array (
  0 => 
  array (
    'id' => 1,
    'name' => 'Total Trainning',
    'places' => 6,
    'created_at' => '2022-10-27 17:41:23',
    'updated_at' => '2022-10-27 17:41:23',
  ),
  1 => 
  array (
    'id' => 2,
    'name' => 'Salsa',
    'places' => 4,
    'created_at' => '2022-10-27 17:41:23',
    'updated_at' => '2022-10-27 17:41:23',
  ),
)  
[2022-10-29 12:34:34] local.INFO: array (
  0 => 
  array (
    'id' => 1,
    'name' => 'Total Trainning',
    'places' => 6,
    'created_at' => '2022-10-27 17:41:23',
    'updated_at' => '2022-10-27 17:41:23',
  ),
  1 => 
  array (
    'id' => 2,
    'name' => 'Salsa',
    'places' => 4,
    'created_at' => '2022-10-27 17:41:23',
    'updated_at' => '2022-10-27 17:41:23',
  ),
)  
[2022-10-29 12:34:36] local.INFO: array (
  0 => 
  array (
    'id' => 1,
    'name' => 'Total Trainning',
    'places' => 6,
    'created_at' => '2022-10-27 17:41:23',
    'updated_at' => '2022-10-27 17:41:23',
  ),
  1 => 
  array (
    'id' => 2,
    'name' => 'Salsa',
    'places' => 4,
    'created_at' => '2022-10-27 17:41:23',
    'updated_at' => '2022-10-27 17:41:23',
  ),
)  
[2022-10-29 12:34:37] local.INFO: array (
  0 => 
  array (
    'id' => 1,
    'name' => 'Total Trainning',
    'places' => 6,
    'created_at' => '2022-10-27 17:41:23',
    'updated_at' => '2022-10-27 17:41:23',
  ),
  1 => 
  array (
    'id' => 2,
    'name' => 'Salsa',
    'places' => 4,
    'created_at' => '2022-10-27 17:41:23',
    'updated_at' => '2022-10-27 17:41:23',
  ),
)  
[2022-10-29 12:35:09] local.INFO: array (
  0 => 
  array (
    'id' => 1,
    'name' => 'Total Trainning',
    'places' => 6,
    'created_at' => '2022-10-27 17:41:23',
    'updated_at' => '2022-10-27 17:41:23',
  ),
  1 => 
  array (
    'id' => 2,
    'name' => 'Salsa',
    'places' => 4,
    'created_at' => '2022-10-27 17:41:23',
    'updated_at' => '2022-10-27 17:41:23',
  ),
)  
[2022-10-29 12:35:13] local.INFO: array (
  0 => 
  array (
    'id' => 1,
    'name' => 'Total Trainning',
    'places' => 6,
    'created_at' => '2022-10-27 17:41:23',
    'updated_at' => '2022-10-27 17:41:23',
  ),
  1 => 
  array (
    'id' => 2,
    'name' => 'Salsa',
    'places' => 4,
    'created_at' => '2022-10-27 17:41:23',
    'updated_at' => '2022-10-27 17:41:23',
  ),
)  
[2022-10-29 12:36:05] local.INFO: array (
  0 => 
  array (
    'id' => 1,
    'name' => 'Total Trainning',
    'places' => 6,
    'created_at' => '2022-10-27 17:41:23',
    'updated_at' => '2022-10-27 17:41:23',
  ),
  1 => 
  array (
    'id' => 2,
    'name' => 'Salsa',
    'places' => 4,
    'created_at' => '2022-10-27 17:41:23',
    'updated_at' => '2022-10-27 17:41:23',
  ),
)  
[2022-10-29 12:36:17] local.INFO: array (
  0 => 
  array (
    'id' => 1,
    'name' => 'Total Trainning',
    'places' => 6,
    'created_at' => '2022-10-27 17:41:23',
    'updated_at' => '2022-10-27 17:41:23',
  ),
  1 => 
  array (
    'id' => 2,
    'name' => 'Salsa',
    'places' => 4,
    'created_at' => '2022-10-27 17:41:23',
    'updated_at' => '2022-10-27 17:41:23',
  ),
)  
[2022-10-29 12:38:30] local.INFO: array (
  0 => 
  array (
    'id' => 1,
    'name' => 'Total Trainning',
    'places' => 6,
    'created_at' => '2022-10-27 17:41:23',
    'updated_at' => '2022-10-27 17:41:23',
  ),
  1 => 
  array (
    'id' => 2,
    'name' => 'Salsa',
    'places' => 4,
    'created_at' => '2022-10-27 17:41:23',
    'updated_at' => '2022-10-27 17:41:23',
  ),
)  
[2022-10-29 12:41:49] local.ERROR: Undefined array key 1 {"userId":1,"exception":"[object] (ErrorException(code: 0): Undefined array key 1 at /home/raluido/Webapp/Laravel/reservationsSystemF/reservationsSystemv2/app/Http/Controllers/ActivitiesController.php:42)
[stacktrace]
#0 /home/raluido/Webapp/Laravel/reservationsSystemF/reservationsSystemv2/app/Http/Controllers/ActivitiesController.php(42): Illuminate\\Foundation\\Bootstrap\\HandleExceptions->handleError()
#1 /home/raluido/Webapp/Laravel/reservationsSystemF/reservationsSystemv2/vendor/laravel/framework/src/Illuminate/Routing/Controller.php(54): App\\Http\\Controllers\\ActivitiesController->store()
#2 /home/raluido/Webapp/Laravel/reservationsSystemF/reservationsSystemv2/vendor/laravel/framework/src/Illuminate/Routing/ControllerDispatcher.php(45): Illuminate\\Routing\\Controller->callAction()
#3 /home/raluido/Webapp/Laravel/reservationsSystemF/reservationsSystemv2/vendor/laravel/framework/src/Illuminate/Routing/Route.php(262): Illuminate\\Routing\\ControllerDispatcher->dispatch()
#4 /home/raluido/Webapp/Laravel/reservationsSystemF/reservationsSystemv2/vendor/laravel/framework/src/Illuminate/Routing/Route.php(205): Illuminate\\Routing\\Route->runController()
#5 /home/raluido/Webapp/Laravel/reservationsSystemF/reservationsSystemv2/vendor/laravel/framework/src/Illuminate/Routing/Router.php(721): Illuminate\\Routing\\Route->run()
#6 /home/raluido/Webapp/Laravel/reservationsSystemF/reservationsSystemv2/vendor/laravel/framework/src/Illuminate/Pipeline/Pipeline.php(128): Illuminate\\Routing\\Router->Illuminate\\Routing\\{closure}()
#7 /home/raluido/Webapp/Laravel/reservationsSystemF/reservationsSystemv2/app/Http/Middleware/PermissionMiddleware.php(41): Illuminate\\Pipeline\\Pipeline->Illuminate\\Pipeline\\{closure}()
#8 /home/raluido/Webapp/Laravel/reservationsSystemF/reservationsSystemv2/vendor/laravel/framework/src/Illuminate/Pipeline/Pipeline.php(167): App\\Http\\Middleware\\PermissionMiddleware->handle()
#9 /home/raluido/Webapp/Laravel/reservationsSystemF/reservationsSystemv2/vendor/laravel/framework/src/Illuminate/Routing/Middleware/SubstituteBindings.php(50): Illuminate\\Pipeline\\Pipeline->Illuminate\\Pipeline\\{closure}()
#10 /home/raluido/Webapp/Laravel/reservationsSystemF/reservationsSystemv2/vendor/laravel/framework/src/Illuminate/Pipeline/Pipeline.php(167): Illuminate\\Routing\\Middleware\\SubstituteBindings->handle()
#11 /home/raluido/Webapp/Laravel/reservationsSystemF/reservationsSystemv2/vendor/laravel/framework/src/Illuminate/Auth/Middleware/Authenticate.php(44): Illuminate\\Pipeline\\Pipeline->Illuminate\\Pipeline\\{closure}()
#12 /home/raluido/Webapp/Laravel/reservationsSystemF/reservationsSystemv2/vendor/laravel/framework/src/Illuminate/Pipeline/Pipeline.php(167): Illuminate\\Auth\\Middleware\\Authenticate->handle()
#13 /home/raluido/Webapp/Laravel/reservationsSystemF/reservationsSystemv2/vendor/laravel/framework/src/Illuminate/Foundation/Http/Middleware/VerifyCsrfToken.php(78): Illuminate\\Pipeline\\Pipeline->Illuminate\\Pipeline\\{closure}()
#14 /home/raluido/Webapp/Laravel/reservationsSystemF/reservationsSystemv2/vendor/laravel/framework/src/Illuminate/Pipeline/Pipeline.php(167): Illuminate\\Foundation\\Http\\Middleware\\VerifyCsrfToken->handle()
#15 /home/raluido/Webapp/Laravel/reservationsSystemF/reservationsSystemv2/vendor/laravel/framework/src/Illuminate/View/Middleware/ShareErrorsFromSession.php(49): Illuminate\\Pipeline\\Pipeline->Illuminate\\Pipeline\\{closure}()
#16 /home/raluido/Webapp/Laravel/reservationsSystemF/reservationsSystemv2/vendor/laravel/framework/src/Illuminate/Pipeline/Pipeline.php(167): Illuminate\\View\\Middleware\\ShareErrorsFromSession->handle()
#17 /home/raluido/Webapp/Laravel/reservationsSystemF/reservationsSystemv2/vendor/laravel/framework/src/Illuminate/Session/Middleware/StartSession.php(121): Illuminate\\Pipeline\\Pipeline->Illuminate\\Pipeline\\{closure}()
#18 /home/raluido/Webapp/Laravel/reservationsSystemF/reservationsSystemv2/vendor/laravel/framework/src/Illuminate/Session/Middleware/StartSession.php(64): Illuminate\\Session\\Middleware\\StartSession->handleStatefulRequest()
#19 /home/raluido/Webapp/Laravel/reservationsSystemF/reservationsSystemv2/vendor/laravel/framework/src/Illuminate/Pipeline/Pipeline.php(167): Illuminate\\Session\\Middleware\\StartSession->handle()
#20 /home/raluido/Webapp/Laravel/reservationsSystemF/reservationsSystemv2/vendor/laravel/framework/src/Illuminate/Cookie/Middleware/AddQueuedCookiesToResponse.php(37): Illuminate\\Pipeline\\Pipeline->Illuminate\\Pipeline\\{closure}()
#21 /home/raluido/Webapp/Laravel/reservationsSystemF/reservationsSystemv2/vendor/laravel/framework/src/Illuminate/Pipeline/Pipeline.php(167): Illuminate\\Cookie\\Middleware\\AddQueuedCookiesToResponse->handle()
#22 /home/raluido/Webapp/Laravel/reservationsSystemF/reservationsSystemv2/vendor/laravel/framework/src/Illuminate/Cookie/Middleware/EncryptCookies.php(67): Illuminate\\Pipeline\\Pipeline->Illuminate\\Pipeline\\{closure}()
#23 /home/raluido/Webapp/Laravel/reservationsSystemF/reservationsSystemv2/vendor/laravel/framework/src/Illuminate/Pipeline/Pipeline.php(167): Illuminate\\Cookie\\Middleware\\EncryptCookies->handle()
#24 /home/raluido/Webapp/Laravel/reservationsSystemF/reservationsSystemv2/vendor/laravel/framework/src/Illuminate/Pipeline/Pipeline.php(103): Illuminate\\Pipeline\\Pipeline->Illuminate\\Pipeline\\{closure}()
#25 /home/raluido/Webapp/Laravel/reservationsSystemF/reservationsSystemv2/vendor/laravel/framework/src/Illuminate/Routing/Router.php(723): Illuminate\\Pipeline\\Pipeline->then()
#26 /home/raluido/Webapp/Laravel/reservationsSystemF/reservationsSystemv2/vendor/laravel/framework/src/Illuminate/Routing/Router.php(698): Illuminate\\Routing\\Router->runRouteWithinStack()
#27 /home/raluido/Webapp/Laravel/reservationsSystemF/reservationsSystemv2/vendor/laravel/framework/src/Illuminate/Routing/Router.php(662): Illuminate\\Routing\\Router->runRoute()
#28 /home/raluido/Webapp/Laravel/reservationsSystemF/reservationsSystemv2/vendor/laravel/framework/src/Illuminate/Routing/Router.php(651): Illuminate\\Routing\\Router->dispatchToRoute()
#29 /home/raluido/Webapp/Laravel/reservationsSystemF/reservationsSystemv2/vendor/laravel/framework/src/Illuminate/Foundation/Http/Kernel.php(167): Illuminate\\Routing\\Router->dispatch()
#30 /home/raluido/Webapp/Laravel/reservationsSystemF/reservationsSystemv2/vendor/laravel/framework/src/Illuminate/Pipeline/Pipeline.php(128): Illuminate\\Foundation\\Http\\Kernel->Illuminate\\Foundation\\Http\\{closure}()
#31 /home/raluido/Webapp/Laravel/reservationsSystemF/reservationsSystemv2/vendor/laravel/framework/src/Illuminate/Foundation/Http/Middleware/TransformsRequest.php(21): Illuminate\\Pipeline\\Pipeline->Illuminate\\Pipeline\\{closure}()
#32 /home/raluido/Webapp/Laravel/reservationsSystemF/reservationsSystemv2/vendor/laravel/framework/src/Illuminate/Foundation/Http/Middleware/ConvertEmptyStringsToNull.php(31): Illuminate\\Foundation\\Http\\Middleware\\TransformsRequest->handle()
#33 /home/raluido/Webapp/Laravel/reservationsSystemF/reservationsSystemv2/vendor/laravel/framework/src/Illuminate/Pipeline/Pipeline.php(167): Illuminate\\Foundation\\Http\\Middleware\\ConvertEmptyStringsToNull->handle()
#34 /home/raluido/Webapp/Laravel/reservationsSystemF/reservationsSystemv2/vendor/laravel/framework/src/Illuminate/Foundation/Http/Middleware/TransformsRequest.php(21): Illuminate\\Pipeline\\Pipeline->Illuminate\\Pipeline\\{closure}()
#35 /home/raluido/Webapp/Laravel/reservationsSystemF/reservationsSystemv2/vendor/laravel/framework/src/Illuminate/Foundation/Http/Middleware/TrimStrings.php(40): Illuminate\\Foundation\\Http\\Middleware\\TransformsRequest->handle()
#36 /home/raluido/Webapp/Laravel/reservationsSystemF/reservationsSystemv2/vendor/laravel/framework/src/Illuminate/Pipeline/Pipeline.php(167): Illuminate\\Foundation\\Http\\Middleware\\TrimStrings->handle()
#37 /home/raluido/Webapp/Laravel/reservationsSystemF/reservationsSystemv2/vendor/laravel/framework/src/Illuminate/Foundation/Http/Middleware/ValidatePostSize.php(27): Illuminate\\Pipeline\\Pipeline->Illuminate\\Pipeline\\{closure}()
#38 /home/raluido/Webapp/Laravel/reservationsSystemF/reservationsSystemv2/vendor/laravel/framework/src/Illuminate/Pipeline/Pipeline.php(167): Illuminate\\Foundation\\Http\\Middleware\\ValidatePostSize->handle()
#39 /home/raluido/Webapp/Laravel/reservationsSystemF/reservationsSystemv2/vendor/laravel/framework/src/Illuminate/Foundation/Http/Middleware/PreventRequestsDuringMaintenance.php(86): Illuminate\\Pipeline\\Pipeline->Illuminate\\Pipeline\\{closure}()
#40 /home/raluido/Webapp/Laravel/reservationsSystemF/reservationsSystemv2/vendor/laravel/framework/src/Illuminate/Pipeline/Pipeline.php(167): Illuminate\\Foundation\\Http\\Middleware\\PreventRequestsDuringMaintenance->handle()
#41 /home/raluido/Webapp/Laravel/reservationsSystemF/reservationsSystemv2/vendor/fruitcake/laravel-cors/src/HandleCors.php(38): Illuminate\\Pipeline\\Pipeline->Illuminate\\Pipeline\\{closure}()
#42 /home/raluido/Webapp/Laravel/reservationsSystemF/reservationsSystemv2/vendor/laravel/framework/src/Illuminate/Pipeline/Pipeline.php(167): Fruitcake\\Cors\\HandleCors->handle()
#43 /home/raluido/Webapp/Laravel/reservationsSystemF/reservationsSystemv2/vendor/laravel/framework/src/Illuminate/Http/Middleware/TrustProxies.php(39): Illuminate\\Pipeline\\Pipeline->Illuminate\\Pipeline\\{closure}()
#44 /home/raluido/Webapp/Laravel/reservationsSystemF/reservationsSystemv2/vendor/laravel/framework/src/Illuminate/Pipeline/Pipeline.php(167): Illuminate\\Http\\Middleware\\TrustProxies->handle()
#45 /home/raluido/Webapp/Laravel/reservationsSystemF/reservationsSystemv2/vendor/laravel/framework/src/Illuminate/Pipeline/Pipeline.php(103): Illuminate\\Pipeline\\Pipeline->Illuminate\\Pipeline\\{closure}()
#46 /home/raluido/Webapp/Laravel/reservationsSystemF/reservationsSystemv2/vendor/laravel/framework/src/Illuminate/Foundation/Http/Kernel.php(142): Illuminate\\Pipeline\\Pipeline->then()
#47 /home/raluido/Webapp/Laravel/reservationsSystemF/reservationsSystemv2/vendor/laravel/framework/src/Illuminate/Foundation/Http/Kernel.php(111): Illuminate\\Foundation\\Http\\Kernel->sendRequestThroughRouter()
#48 /home/raluido/Webapp/Laravel/reservationsSystemF/reservationsSystemv2/public/index.php(52): Illuminate\\Foundation\\Http\\Kernel->handle()
#49 /home/raluido/Webapp/Laravel/reservationsSystemF/reservationsSystemv2/server.php(21): require_once('...')
#50 {main}
"} 
[2022-10-29 12:42:17] local.INFO: array (
  0 => 
  array (
    'id' => 1,
    'name' => 'Total Trainning',
    'places' => 6,
    'created_at' => '2022-10-27 17:41:23',
    'updated_at' => '2022-10-27 17:41:23',
  ),
  1 => 
  array (
    'id' => 2,
    'name' => 'Salsa',
    'places' => 4,
    'created_at' => '2022-10-27 17:41:23',
    'updated_at' => '2022-10-27 17:41:23',
  ),
  2 => 
  array (
    'id' => 3,
    'name' => 'test',
    'places' => 4,
    'created_at' => '2022-10-29 12:41:49',
    'updated_at' => '2022-10-29 12:41:49',
  ),
  3 => 
  array (
    'id' => 4,
    'name' => 'test',
    'places' => 4,
    'created_at' => '2022-10-29 12:42:17',
    'updated_at' => '2022-10-29 12:42:17',
  ),
)  
[2022-10-29 12:42:34] local.INFO: array (
  0 => 
  array (
    'id' => 1,
    'name' => 'Total Trainning',
    'places' => 6,
    'created_at' => '2022-10-27 17:41:23',
    'updated_at' => '2022-10-27 17:41:23',
  ),
  1 => 
  array (
    'id' => 2,
    'name' => 'Salsa',
    'places' => 4,
    'created_at' => '2022-10-27 17:41:23',
    'updated_at' => '2022-10-27 17:41:23',
  ),
  2 => 
  array (
    'id' => 3,
    'name' => 'test',
    'places' => 4,
    'created_at' => '2022-10-29 12:41:49',
    'updated_at' => '2022-10-29 12:41:49',
  ),
)  
[2022-10-29 12:42:53] local.INFO: array (
  0 => 
  array (
    'id' => 1,
    'name' => 'Total Trainning',
    'places' => 6,
    'created_at' => '2022-10-27 17:41:23',
    'updated_at' => '2022-10-27 17:41:23',
  ),
  1 => 
  array (
    'id' => 2,
    'name' => 'Salsa',
    'places' => 4,
    'created_at' => '2022-10-27 17:41:23',
    'updated_at' => '2022-10-27 17:41:23',
  ),
)  
[2022-10-29 12:42:58] local.INFO: array (
  0 => 
  array (
    'id' => 1,
    'name' => 'Total Trainning',
    'places' => 6,
    'created_at' => '2022-10-27 17:41:23',
    'updated_at' => '2022-10-27 17:41:23',
  ),
  1 => 
  array (
    'id' => 2,
    'name' => 'Salsa',
    'places' => 4,
    'created_at' => '2022-10-27 17:41:23',
    'updated_at' => '2022-10-27 17:41:23',
  ),
  2 => 
  array (
    'id' => 5,
    'name' => 'test',
    'places' => 6,
    'created_at' => '2022-10-29 12:42:58',
    'updated_at' => '2022-10-29 12:42:58',
  ),
)  
[2022-10-29 12:43:00] local.INFO: array (
  0 => 
  array (
    'id' => 1,
    'name' => 'Total Trainning',
    'places' => 6,
    'created_at' => '2022-10-27 17:41:23',
    'updated_at' => '2022-10-27 17:41:23',
  ),
  1 => 
  array (
    'id' => 2,
    'name' => 'Salsa',
    'places' => 4,
    'created_at' => '2022-10-27 17:41:23',
    'updated_at' => '2022-10-27 17:41:23',
  ),
)  
